#
# There is insufficient memory for the Java Runtime Environment to continue.
# Native memory allocation (malloc) failed to allocate 32744 bytes for ChunkPool::allocate
# Possible reasons:
#   The system is out of physical RAM or swap space
#   The process is running with CompressedOops enabled, and the Java Heap may be blocking the growth of the native heap
# Possible solutions:
#   Reduce memory load on the system
#   Increase physical memory or swap space
#   Check if swap backing store is full
#   Decrease Java heap size (-Xmx/-Xms)
#   Decrease number of Java threads
#   Decrease Java thread stack sizes (-Xss)
#   Set larger code cache with -XX:ReservedCodeCacheSize=
#   JVM is running with Unscaled Compressed Oops mode in which the Java heap is
#     placed in the first 4GB address space. The Java Heap base address is the
#     maximum limit for the native heap growth. Please use -XX:HeapBaseMinAddress
#     to set the Java Heap base and to place the Java Heap above 4GB virtual address.
# This output file may be truncated or incomplete.
#
#  Out of Memory Error (allocation.cpp:272), pid=90940, tid=0x0000000000016384
#
# JRE version: Java(TM) SE Runtime Environment (8.0_251-b08) (build 1.8.0_251-b08)
# Java VM: Java HotSpot(TM) 64-Bit Server VM (25.251-b08 mixed mode windows-amd64 compressed oops)
# Failed to write core dump. Minidumps are not enabled by default on client versions of Windows
#

---------------  T H R E A D  ---------------

Current thread (0x000000001722c800):  JavaThread "C2 CompilerThread0" daemon [_thread_in_native, id=91012, stack(0x00000000188c0000,0x00000000189c0000)]

Stack: [0x00000000188c0000,0x00000000189c0000]
[error occurred during error reporting (printing stack bounds), id 0xc0000005]

Native frames: (J=compiled Java code, j=interpreted, Vv=VM code, C=native code)


Current CompileTask:
C2:1217446 1500       4       java.util.Arrays::binarySearch0 (95 bytes)


---------------  P R O C E S S  ---------------

Java Threads: ( => current thread )
  0x0000000018c5c000 JavaThread "TimerQueue" daemon [_thread_blocked, id=88716, stack(0x000000001cd50000,0x000000001ce50000)]
  0x00000000027de800 JavaThread "DestroyJavaVM" [_thread_blocked, id=90972, stack(0x0000000002530000,0x0000000002630000)]
  0x000000001a203000 JavaThread "InterruptTimer" daemon [_thread_blocked, id=91072, stack(0x000000001afe0000,0x000000001b0e0000)]
  0x0000000019dca000 JavaThread "oracle.jdbc.driver.BlockSource.ThreadedCachingBlockSource.BlockReleaser" daemon [_thread_blocked, id=91056, stack(0x000000001aba0000,0x000000001aca0000)]
  0x0000000019dc6000 JavaThread "Timer-0" daemon [_thread_blocked, id=91052, stack(0x000000001aaa0000,0x000000001aba0000)]
  0x0000000018faf800 JavaThread "AWT-EventQueue-0" [_thread_blocked, id=91044, stack(0x0000000019ba0000,0x0000000019ca0000)]
  0x0000000018f3a000 JavaThread "AWT-Windows" daemon [_thread_in_native, id=91040, stack(0x00000000195a0000,0x00000000196a0000)]
  0x0000000018f37000 JavaThread "AWT-Shutdown" [_thread_blocked, id=91036, stack(0x00000000194a0000,0x00000000195a0000)]
  0x0000000018f36800 JavaThread "Java2D Disposer" daemon [_thread_blocked, id=91032, stack(0x00000000193a0000,0x00000000194a0000)]
  0x0000000018be1800 JavaThread "Service Thread" daemon [_thread_blocked, id=91024, stack(0x0000000018fc0000,0x00000000190c0000)]
  0x0000000017284000 JavaThread "C1 CompilerThread2" daemon [_thread_blocked, id=91020, stack(0x0000000018ac0000,0x0000000018bc0000)]
  0x0000000017237800 JavaThread "C2 CompilerThread1" daemon [_thread_blocked, id=91016, stack(0x00000000189c0000,0x0000000018ac0000)]
=>0x000000001722c800 JavaThread "C2 CompilerThread0" daemon [_thread_in_native, id=91012, stack(0x00000000188c0000,0x00000000189c0000)]
  0x000000001722b800 JavaThread "Attach Listener" daemon [_thread_blocked, id=91008, stack(0x00000000187c0000,0x00000000188c0000)]
  0x000000001722a000 JavaThread "Signal Dispatcher" daemon [_thread_blocked, id=91004, stack(0x00000000186c0000,0x00000000187c0000)]
  0x000000000274a800 JavaThread "Finalizer" daemon [_thread_blocked, id=91000, stack(0x00000000184c0000,0x00000000185c0000)]
  0x000000001721a000 JavaThread "Reference Handler" daemon [_thread_blocked, id=90996, stack(0x00000000183c0000,0x00000000184c0000)]

Other Threads:
  0x00000000171f8800 VMThread [stack: 0x00000000182c0000,0x00000000183c0000] [id=90992]
  0x0000000018be2800 WatcherThread [stack: 0x00000000190c0000,0x00000000191c0000] [id=91028]

VM state:not at safepoint (normal execution)

VM Mutex/Monitor currently owned by a thread: None

heap address: 0x0000000083200000, size: 1998 MB, Compressed Oops mode: 32-bit
Narrow klass base: 0x0000000000000000, Narrow klass shift: 3
Compressed class space size: 1073741824 Address: 0x0000000100000000

Heap:
 PSYoungGen      total 37888K, used 6492K [0x00000000d6600000, 0x00000000db000000, 0x0000000100000000)
  eden space 32768K, 19% used [0x00000000d6600000,0x00000000d6c570f0,0x00000000d8600000)
  from space 5120K, 0% used [0x00000000d8b00000,0x00000000d8b00000,0x00000000d9000000)
  to   space 5120K, 0% used [0x00000000d8600000,0x00000000d8600000,0x00000000d8b00000)
 ParOldGen       total 58368K, used 5702K [0x0000000083200000, 0x0000000086b00000, 0x00000000d6600000)
  object space 58368K, 9% used [0x0000000083200000,0x00000000837919f8,0x0000000086b00000)
 Metaspace       used 21678K, capacity 22000K, committed 22448K, reserved 1069056K
  class space    used 2666K, capacity 2782K, committed 2816K, reserved 1048576K

Card table byte_map: [0x0000000011ba0000,0x0000000011f90000] byte_map_base: 0x0000000011787000

Marking Bits: (ParMarkBitMap*) 0x0000000072b2af90
 Begin Bits: [0x0000000012630000, 0x0000000014568000)
 End Bits:   [0x0000000014568000, 0x00000000164a0000)

Polling page: 0x0000000000960000

CodeCache: size=245760Kb used=4821Kb max_used=4821Kb free=240938Kb
 bounds [0x00000000027e0000, 0x0000000002ca0000, 0x00000000117e0000]
 total_blobs=2104 nmethods=1499 adapters=517
 compilation: enabled

Compilation events (10 events):
Event: 1217.218 Thread 0x0000000017284000 nmethod 1494 0x0000000002c95890 code [0x0000000002c95a20, 0x0000000002c95d78]
Event: 1217.219 Thread 0x0000000017284000 1496       3       java.awt.Component::isValid (20 bytes)
Event: 1217.219 Thread 0x0000000017284000 nmethod 1496 0x0000000002c95e90 code [0x0000000002c95fe0, 0x0000000002c961d0]
Event: 1217.219 Thread 0x0000000017284000 1497       1       java.awt.Component::getTreeLock (4 bytes)
Event: 1217.219 Thread 0x0000000017284000 nmethod 1497 0x0000000002c96250 code [0x0000000002c963a0, 0x0000000002c964b0]
Event: 1217.220 Thread 0x0000000017284000 1498       3       java.awt.Component::getContainer (5 bytes)
Event: 1217.220 Thread 0x0000000017284000 nmethod 1498 0x0000000002c96510 code [0x0000000002c96660, 0x0000000002c96850]
Event: 1217.224 Thread 0x0000000017284000 1499       3       java.awt.AWTEvent::<init> (81 bytes)
Event: 1217.225 Thread 0x0000000017284000 nmethod 1499 0x0000000002c968d0 code [0x0000000002c96a80, 0x0000000002c970c8]
Event: 1217.229 Thread 0x000000001722c800 1500       4       java.util.Arrays::binarySearch0 (95 bytes)

GC Heap History (6 events):
Event: 1.040 GC heap before
{Heap before GC invocations=1 (full 0):
 PSYoungGen      total 37888K, used 32768K [0x00000000d6600000, 0x00000000d9000000, 0x0000000100000000)
  eden space 32768K, 100% used [0x00000000d6600000,0x00000000d8600000,0x00000000d8600000)
  from space 5120K, 0% used [0x00000000d8b00000,0x00000000d8b00000,0x00000000d9000000)
  to   space 5120K, 0% used [0x00000000d8600000,0x00000000d8600000,0x00000000d8b00000)
 ParOldGen       total 86016K, used 0K [0x0000000083200000, 0x0000000088600000, 0x00000000d6600000)
  object space 86016K, 0% used [0x0000000083200000,0x0000000083200000,0x0000000088600000)
 Metaspace       used 18105K, capacity 18380K, committed 18688K, reserved 1064960K
  class space    used 2174K, capacity 2280K, committed 2304K, reserved 1048576K
Event: 1.046 GC heap after
Heap after GC invocations=1 (full 0):
 PSYoungGen      total 37888K, used 5091K [0x00000000d6600000, 0x00000000d9000000, 0x0000000100000000)
  eden space 32768K, 0% used [0x00000000d6600000,0x00000000d6600000,0x00000000d8600000)
  from space 5120K, 99% used [0x00000000d8600000,0x00000000d8af8f50,0x00000000d8b00000)
  to   space 5120K, 0% used [0x00000000d8b00000,0x00000000d8b00000,0x00000000d9000000)
 ParOldGen       total 86016K, used 3151K [0x0000000083200000, 0x0000000088600000, 0x00000000d6600000)
  object space 86016K, 3% used [0x0000000083200000,0x0000000083513e10,0x0000000088600000)
 Metaspace       used 18105K, capacity 18380K, committed 18688K, reserved 1064960K
  class space    used 2174K, capacity 2280K, committed 2304K, reserved 1048576K
}
Event: 1.171 GC heap before
{Heap before GC invocations=2 (full 0):
 PSYoungGen      total 37888K, used 12407K [0x00000000d6600000, 0x00000000d9000000, 0x0000000100000000)
  eden space 32768K, 22% used [0x00000000d6600000,0x00000000d6d24d88,0x00000000d8600000)
  from space 5120K, 99% used [0x00000000d8600000,0x00000000d8af8f50,0x00000000d8b00000)
  to   space 5120K, 0% used [0x00000000d8b00000,0x00000000d8b00000,0x00000000d9000000)
 ParOldGen       total 86016K, used 3151K [0x0000000083200000, 0x0000000088600000, 0x00000000d6600000)
  object space 86016K, 3% used [0x0000000083200000,0x0000000083513e10,0x0000000088600000)
 Metaspace       used 20706K, capacity 21014K, committed 21296K, reserved 1069056K
  class space    used 2529K, capacity 2649K, committed 2688K, reserved 1048576K
Event: 1.177 GC heap after
Heap after GC invocations=2 (full 0):
 PSYoungGen      total 37888K, used 5088K [0x00000000d6600000, 0x00000000db000000, 0x0000000100000000)
  eden space 32768K, 0% used [0x00000000d6600000,0x00000000d6600000,0x00000000d8600000)
  from space 5120K, 99% used [0x00000000d8b00000,0x00000000d8ff8010,0x00000000d9000000)
  to   space 5120K, 0% used [0x00000000d8600000,0x00000000d8600000,0x00000000d8b00000)
 ParOldGen       total 86016K, used 3932K [0x0000000083200000, 0x0000000088600000, 0x00000000d6600000)
  object space 86016K, 4% used [0x0000000083200000,0x00000000835d7178,0x0000000088600000)
 Metaspace       used 20706K, capacity 21014K, committed 21296K, reserved 1069056K
  class space    used 2529K, capacity 2649K, committed 2688K, reserved 1048576K
}
Event: 1.177 GC heap before
{Heap before GC invocations=3 (full 1):
 PSYoungGen      total 37888K, used 5088K [0x00000000d6600000, 0x00000000db000000, 0x0000000100000000)
  eden space 32768K, 0% used [0x00000000d6600000,0x00000000d6600000,0x00000000d8600000)
  from space 5120K, 99% used [0x00000000d8b00000,0x00000000d8ff8010,0x00000000d9000000)
  to   space 5120K, 0% used [0x00000000d8600000,0x00000000d8600000,0x00000000d8b00000)
 ParOldGen       total 86016K, used 3932K [0x0000000083200000, 0x0000000088600000, 0x00000000d6600000)
  object space 86016K, 4% used [0x0000000083200000,0x00000000835d7178,0x0000000088600000)
 Metaspace       used 20706K, capacity 21014K, committed 21296K, reserved 1069056K
  class space    used 2529K, capacity 2649K, committed 2688K, reserved 1048576K
Event: 1.202 GC heap after
Heap after GC invocations=3 (full 1):
 PSYoungGen      total 37888K, used 0K [0x00000000d6600000, 0x00000000db000000, 0x0000000100000000)
  eden space 32768K, 0% used [0x00000000d6600000,0x00000000d6600000,0x00000000d8600000)
  from space 5120K, 0% used [0x00000000d8b00000,0x00000000d8b00000,0x00000000d9000000)
  to   space 5120K, 0% used [0x00000000d8600000,0x00000000d8600000,0x00000000d8b00000)
 ParOldGen       total 58368K, used 5702K [0x0000000083200000, 0x0000000086b00000, 0x00000000d6600000)
  object space 58368K, 9% used [0x0000000083200000,0x00000000837919f8,0x0000000086b00000)
 Metaspace       used 20706K, capacity 21014K, committed 21296K, reserved 1069056K
  class space    used 2529K, capacity 2649K, committed 2688K, reserved 1048576K
}

Deoptimization events (10 events):
Event: 0.601 Thread 0x00000000027de800 Uncommon trap: reason=class_check action=maybe_recompile pc=0x0000000002a70110 method=java.util.regex.Pattern$BmpCharProperty.match(Ljava/util/regex/Matcher;ILjava/lang/CharSequence;)Z @ 16
Event: 0.608 Thread 0x00000000027de800 Uncommon trap: reason=class_check action=maybe_recompile pc=0x0000000002a72bf8 method=java.util.regex.Pattern$Curly.match(Ljava/util/regex/Matcher;ILjava/lang/CharSequence;)Z @ 19
Event: 0.608 Thread 0x00000000027de800 Uncommon trap: reason=class_check action=maybe_recompile pc=0x0000000002a72bf8 method=java.util.regex.Pattern$Curly.match(Ljava/util/regex/Matcher;ILjava/lang/CharSequence;)Z @ 19
Event: 0.881 Thread 0x00000000027de800 Uncommon trap: reason=class_check action=maybe_recompile pc=0x0000000002aed630 method=java.util.HashMap.putVal(ILjava/lang/Object;Ljava/lang/Object;ZZ)Ljava/lang/Object; @ 203
Event: 0.881 Thread 0x00000000027de800 Uncommon trap: reason=class_check action=maybe_recompile pc=0x0000000002aed630 method=java.util.HashMap.putVal(ILjava/lang/Object;Ljava/lang/Object;ZZ)Ljava/lang/Object; @ 203
Event: 0.881 Thread 0x00000000027de800 Uncommon trap: reason=class_check action=maybe_recompile pc=0x0000000002aed630 method=java.util.HashMap.putVal(ILjava/lang/Object;Ljava/lang/Object;ZZ)Ljava/lang/Object; @ 203
Event: 0.883 Thread 0x00000000027de800 Uncommon trap: reason=class_check action=maybe_recompile pc=0x0000000002aed630 method=java.util.HashMap.putVal(ILjava/lang/Object;Ljava/lang/Object;ZZ)Ljava/lang/Object; @ 203
Event: 0.998 Thread 0x00000000027de800 Uncommon trap: reason=unstable_if action=reinterpret pc=0x0000000002b2b3dc method=java.lang.Integer.parseInt(Ljava/lang/String;I)I @ 122
Event: 1.171 Thread 0x0000000018f3a000 Uncommon trap: reason=bimorphic action=maybe_recompile pc=0x0000000002b2360c method=java.util.HashMap.putVal(ILjava/lang/Object;Ljava/lang/Object;ZZ)Ljava/lang/Object; @ 91
Event: 1.171 Thread 0x0000000018f3a000 Uncommon trap: reason=bimorphic action=maybe_recompile pc=0x0000000002b2360c method=java.util.HashMap.putVal(ILjava/lang/Object;Ljava/lang/Object;ZZ)Ljava/lang/Object; @ 91

Classes redefined (0 events):
No events

Internal exceptions (10 events):
Event: 0.283 Thread 0x00000000027de800 Exception <a 'java/lang/ArrayIndexOutOfBoundsException'> (0x00000000d6b6da10) thrown at [C:\jenkins\workspace\8-2-build-windows-amd64-cygwin\jdk8u251\737\hotspot\src\share\vm\runtime\sharedRuntime.cpp, line 605]
Event: 0.283 Thread 0x00000000027de800 Exception <a 'java/lang/ArrayIndexOutOfBoundsException'> (0x00000000d6b6e788) thrown at [C:\jenkins\workspace\8-2-build-windows-amd64-cygwin\jdk8u251\737\hotspot\src\share\vm\runtime\sharedRuntime.cpp, line 605]
Event: 0.284 Thread 0x00000000027de800 Exception <a 'java/lang/ArrayIndexOutOfBoundsException'> (0x00000000d6b6f740) thrown at [C:\jenkins\workspace\8-2-build-windows-amd64-cygwin\jdk8u251\737\hotspot\src\share\vm\runtime\sharedRuntime.cpp, line 605]
Event: 0.284 Thread 0x00000000027de800 Exception <a 'java/lang/ArrayIndexOutOfBoundsException'> (0x00000000d6b70fa0) thrown at [C:\jenkins\workspace\8-2-build-windows-amd64-cygwin\jdk8u251\737\hotspot\src\share\vm\runtime\sharedRuntime.cpp, line 605]
Event: 0.290 Thread 0x00000000027de800 Exception <a 'java/lang/ArrayIndexOutOfBoundsException'> (0x00000000d6b97a70) thrown at [C:\jenkins\workspace\8-2-build-windows-amd64-cygwin\jdk8u251\737\hotspot\src\share\vm\runtime\sharedRuntime.cpp, line 605]
Event: 0.291 Thread 0x00000000027de800 Exception <a 'java/lang/ArrayIndexOutOfBoundsException'> (0x00000000d6b98cd8) thrown at [C:\jenkins\workspace\8-2-build-windows-amd64-cygwin\jdk8u251\737\hotspot\src\share\vm\runtime\sharedRuntime.cpp, line 605]
Event: 0.291 Thread 0x00000000027de800 Exception <a 'java/lang/ArrayIndexOutOfBoundsException'> (0x00000000d6b9a650) thrown at [C:\jenkins\workspace\8-2-build-windows-amd64-cygwin\jdk8u251\737\hotspot\src\share\vm\runtime\sharedRuntime.cpp, line 605]
Event: 0.298 Thread 0x00000000027de800 Exception <a 'java/lang/ArrayIndexOutOfBoundsException'> (0x00000000d6bc0518) thrown at [C:\jenkins\workspace\8-2-build-windows-amd64-cygwin\jdk8u251\737\hotspot\src\share\vm\runtime\sharedRuntime.cpp, line 605]
Event: 0.305 Thread 0x00000000027de800 Exception <a 'java/lang/ArrayIndexOutOfBoundsException'> (0x00000000d6bd2d50) thrown at [C:\jenkins\workspace\8-2-build-windows-amd64-cygwin\jdk8u251\737\hotspot\src\share\vm\runtime\sharedRuntime.cpp, line 605]
Event: 0.345 Thread 0x00000000027de800 Exception <a 'java/lang/NoClassDefFoundError': oracle/security/pki/OraclePKIProvider> (0x00000000d6d4cd28) thrown at [C:\jenkins\workspace\8-2-build-windows-amd64-cygwin\jdk8u251\737\hotspot\src\share\vm\classfile\systemDictionary.cpp, line 199]

Events (10 events):
Event: 12.244 loading class java/util/PriorityQueue done
Event: 12.244 loading class javax/swing/TimerQueue$1
Event: 12.244 loading class javax/swing/TimerQueue$1 done
Event: 12.244 Thread 0x0000000018c5c000 Thread added: 0x0000000018c5c000
Event: 1217.063 loading class java/util/WeakHashMap$KeyIterator
Event: 1217.064 loading class java/util/WeakHashMap$HashIterator
Event: 1217.065 loading class java/util/WeakHashMap$HashIterator done
Event: 1217.065 loading class java/util/WeakHashMap$KeyIterator done
Event: 1217.080 loading class javax/swing/RepaintManager$DisplayChangedRunnable
Event: 1217.080 loading class javax/swing/RepaintManager$DisplayChangedRunnable done


Dynamic libraries:
0x00007ff67fb90000 - 0x00007ff67fbc7000 	C:\Program Files\Java\jdk1.8.0_251\bin\javaw.exe
0x00007ffbd6940000 - 0x00007ffbd6b47000 	C:\WINDOWS\SYSTEM32\ntdll.dll
0x00007ffbd5680000 - 0x00007ffbd573d000 	C:\WINDOWS\System32\KERNEL32.DLL
0x00007ffbd4460000 - 0x00007ffbd47d4000 	C:\WINDOWS\System32\KERNELBASE.dll
0x00007ffbd54e0000 - 0x00007ffbd558e000 	C:\WINDOWS\System32\ADVAPI32.dll
0x00007ffbd6490000 - 0x00007ffbd6533000 	C:\WINDOWS\System32\msvcrt.dll
0x00007ffbd5ac0000 - 0x00007ffbd5b5e000 	C:\WINDOWS\System32\sechost.dll
0x00007ffbd6630000 - 0x00007ffbd6750000 	C:\WINDOWS\System32\RPCRT4.dll
0x00007ffbd6750000 - 0x00007ffbd68fc000 	C:\WINDOWS\System32\USER32.dll
0x00007ffbd40e0000 - 0x00007ffbd4106000 	C:\WINDOWS\System32\win32u.dll
0x00007ffbd5a90000 - 0x00007ffbd5ab9000 	C:\WINDOWS\System32\GDI32.dll
0x00007ffbd3ed0000 - 0x00007ffbd3fe2000 	C:\WINDOWS\System32\gdi32full.dll
0x00007ffbd3e30000 - 0x00007ffbd3ecd000 	C:\WINDOWS\System32\msvcp_win.dll
0x00007ffbd4110000 - 0x00007ffbd4221000 	C:\WINDOWS\System32\ucrtbase.dll
0x00007ffbc3a50000 - 0x00007ffbc3cf5000 	C:\WINDOWS\WinSxS\amd64_microsoft.windows.common-controls_6595b64144ccf1df_6.0.22000.120_none_9d947278b86cc467\COMCTL32.dll
0x00007ffbd50c0000 - 0x00007ffbd50f1000 	C:\WINDOWS\System32\IMM32.DLL
0x0000000073100000 - 0x00000000731d2000 	C:\Program Files\Java\jdk1.8.0_251\jre\bin\msvcr100.dll
0x0000000072300000 - 0x0000000072bab000 	C:\Program Files\Java\jdk1.8.0_251\jre\bin\server\jvm.dll
0x00007ffbd4f90000 - 0x00007ffbd4f98000 	C:\WINDOWS\System32\PSAPI.DLL
0x00007ffbcaa00000 - 0x00007ffbcaa09000 	C:\WINDOWS\SYSTEM32\WSOCK32.dll
0x00007ffbcd540000 - 0x00007ffbcd573000 	C:\WINDOWS\SYSTEM32\WINMM.dll
0x00007ffbd5470000 - 0x00007ffbd54df000 	C:\WINDOWS\System32\WS2_32.dll
0x00007ffbcd020000 - 0x00007ffbcd02a000 	C:\WINDOWS\SYSTEM32\VERSION.dll
0x00007ffbc6150000 - 0x00007ffbc615f000 	C:\Program Files\Java\jdk1.8.0_251\jre\bin\verify.dll
0x00007ffbbf3c0000 - 0x00007ffbbf3e9000 	C:\Program Files\Java\jdk1.8.0_251\jre\bin\java.dll
0x00007ffbbf3a0000 - 0x00007ffbbf3b6000 	C:\Program Files\Java\jdk1.8.0_251\jre\bin\zip.dll
0x00007ffbd47e0000 - 0x00007ffbd4f8e000 	C:\WINDOWS\System32\SHELL32.dll
0x00007ffbd2060000 - 0x00007ffbd28c7000 	C:\WINDOWS\SYSTEM32\windows.storage.dll
0x00007ffbd60b0000 - 0x00007ffbd6428000 	C:\WINDOWS\System32\combase.dll
0x00007ffbd1ef0000 - 0x00007ffbd2056000 	C:\WINDOWS\SYSTEM32\wintypes.dll
0x00007ffbd57c0000 - 0x00007ffbd58aa000 	C:\WINDOWS\System32\SHCORE.dll
0x00007ffbd5190000 - 0x00007ffbd51ed000 	C:\WINDOWS\System32\shlwapi.dll
0x00007ffbd3d60000 - 0x00007ffbd3d81000 	C:\WINDOWS\SYSTEM32\profapi.dll
0x00007ffb9fe60000 - 0x00007ffb9fffa000 	C:\Program Files\Java\jdk1.8.0_251\jre\bin\awt.dll
0x00007ffbd51f0000 - 0x00007ffbd52c6000 	C:\WINDOWS\System32\OLEAUT32.dll
0x00007ffbd0b90000 - 0x00007ffbd0c21000 	C:\WINDOWS\SYSTEM32\apphelp.dll
0x00007ffbd1640000 - 0x00007ffbd166f000 	C:\WINDOWS\system32\DWMAPI.DLL
0x00007ffbd0de0000 - 0x00007ffbd0e8c000 	C:\WINDOWS\system32\uxtheme.dll
0x00007ffbb56d0000 - 0x00007ffbb57d1000 	C:\WINDOWS\system32\opengl32.dll
0x00007ffbcad40000 - 0x00007ffbcad6d000 	C:\WINDOWS\SYSTEM32\GLU32.dll
0x00007ffbd11b0000 - 0x00007ffbd11e8000 	C:\WINDOWS\SYSTEM32\dxcore.dll
0x00007ffbd4fa0000 - 0x00007ffbd50be000 	C:\WINDOWS\System32\MSCTF.dll
0x00007ffbd52d0000 - 0x00007ffbd546a000 	C:\WINDOWS\System32\ole32.dll
0x00007ffbd2f30000 - 0x00007ffbd2f48000 	C:\WINDOWS\SYSTEM32\kernel.appcore.dll
0x00007ffbd3ff0000 - 0x00007ffbd406f000 	C:\WINDOWS\System32\bcryptPrimitives.dll
0x00007ffbd0010000 - 0x00007ffbd001d000 	C:\Program Files\Java\jdk1.8.0_251\jre\bin\management.dll
0x00007ffbb7c40000 - 0x00007ffbb7c5a000 	C:\Program Files\Java\jdk1.8.0_251\jre\bin\net.dll
0x00007ffbd3360000 - 0x00007ffbd33c7000 	C:\WINDOWS\system32\mswsock.dll
0x00007ffbb7820000 - 0x00007ffbb7832000 	C:\Program Files\Java\jdk1.8.0_251\jre\bin\nio.dll
0x00007ffbd2a20000 - 0x00007ffbd2a4d000 	C:\WINDOWS\SYSTEM32\IPHLPAPI.DLL
0x00007ffbd57b0000 - 0x00007ffbd57b9000 	C:\WINDOWS\System32\NSI.dll
0x00007ffbcda10000 - 0x00007ffbcda29000 	C:\WINDOWS\SYSTEM32\dhcpcsvc6.DLL
0x00007ffbce920000 - 0x00007ffbce93e000 	C:\WINDOWS\SYSTEM32\dhcpcsvc.DLL
0x00007ffbd2a50000 - 0x00007ffbd2b37000 	C:\WINDOWS\SYSTEM32\DNSAPI.dll
0x00007ffbcaa50000 - 0x00007ffbcaa5a000 	C:\Windows\System32\rasadhlp.dll
0x00007ffbcbe50000 - 0x00007ffbcbed1000 	C:\WINDOWS\System32\fwpuclnt.dll
0x00007ffbc9290000 - 0x00007ffbc92a7000 	C:\WINDOWS\system32\napinsp.dll
0x00007ffbc5b70000 - 0x00007ffbc5b8b000 	C:\WINDOWS\system32\pnrpnsp.dll
0x00007ffbc5860000 - 0x00007ffbc5872000 	C:\WINDOWS\System32\winrnr.dll
0x00007ffbcc970000 - 0x00007ffbcc985000 	C:\WINDOWS\system32\wshbth.dll
0x00007ffbbb520000 - 0x00007ffbbb53f000 	C:\WINDOWS\system32\nlansp_c.dll
0x00007ffbd35b0000 - 0x00007ffbd35c8000 	C:\WINDOWS\SYSTEM32\CRYPTSP.dll
0x00007ffbd2e90000 - 0x00007ffbd2ec5000 	C:\WINDOWS\system32\rsaenh.dll
0x00007ffbd3450000 - 0x00007ffbd3479000 	C:\WINDOWS\SYSTEM32\USERENV.dll
0x00007ffbd3720000 - 0x00007ffbd3747000 	C:\WINDOWS\SYSTEM32\bcrypt.dll
0x00007ffbd35a0000 - 0x00007ffbd35ac000 	C:\WINDOWS\SYSTEM32\CRYPTBASE.dll
0x00007ffbb7e20000 - 0x00007ffbb7e44000 	C:\Program Files\Java\jdk1.8.0_251\jre\bin\sunec.dll
0x00007ffbb2b40000 - 0x00007ffbb2b89000 	C:\Program Files\Java\jdk1.8.0_251\jre\bin\fontmanager.dll
0x00007ffbae830000 - 0x00007ffbae872000 	C:\Program Files\Java\jdk1.8.0_251\jre\bin\t2k.dll
0x00007ffbd5b60000 - 0x00007ffbd5c0f000 	C:\WINDOWS\System32\clbcatq.dll
0x00007ffbb4340000 - 0x00007ffbb44ee000 	C:\WINDOWS\SYSTEM32\WindowsCodecs.dll
0x00007ffbb7700000 - 0x00007ffbb775d000 	C:\WINDOWS\system32\dataexchange.dll
0x00007ffbc0ed0000 - 0x00007ffbc1136000 	C:\WINDOWS\system32\twinapi.appcore.dll
0x00007ffbc6550000 - 0x00007ffbc667d000 	C:\WINDOWS\SYSTEM32\textinputframework.dll

VM Arguments:
jvm_args: -Dfile.encoding=Cp1252 
java_command: ManagerShow
java_class_path (initial): D:\Ecjava\ProjectTwo\bin;D:\ojdbc8-19.3.0.0.jar
Launcher Type: SUN_STANDARD

Environment Variables:
JAVA_HOME=D:\jdk-16.0.1_windows-x64_bin\jdk-16.0.1
PATH=C:/Program Files/Java/jdk1.8.0_251/bin/../jre/bin/server;C:/Program Files/Java/jdk1.8.0_251/bin/../jre/bin;C:/Program Files/Java/jdk1.8.0_251/bin/../jre/lib/amd64;C:\oraclexe\app\oracle\product\11.2.0\server\bin;;C:\Program Files\Java\jdk1.8.0_251\bin;C:\WINDOWS\system32;C:\WINDOWS;C:\WINDOWS\System32\Wbem;C:\WINDOWS\System32\WindowsPowerShell\v1.0\;C:\WINDOWS\System32\OpenSSH\;C:\Program Files (x86)\MATLAB\R2014a\runtime\win32;C:\Program Files (x86)\MATLAB\R2014a\bin;D:\MATLAB 8 ver 2015\mat\runtime\win64;D:\MATLAB 8 ver 2015\mat\bin;C:\Program Files\MATLAB\R2014a\runtime\win64;C:\Program Files\MATLAB\R2014a\bin;C:\Program Files\MATLAB\R2014a\polyspace\bin;D:\MATLAB 8 ver 2015\mat\polyspace\bin;C:\Program Files (x86)\MATLAB\R2014a\polyspace\bin;C:\Python\Python310\Scripts\;C:\Python\Python310\;C:\Users\lenovo\AppData\Local\Microsoft\WindowsApps;C:\Users\lenovo\AppData\Local\Programs\Microsoft VS Code\bin;;C:\Users\lenovo\Desktop;
USERNAME=Abhay Gupta
OS=Windows_NT
PROCESSOR_IDENTIFIER=Intel64 Family 6 Model 126 Stepping 5, GenuineIntel



---------------  S Y S T E M  ---------------

OS: Windows 10.0 , 64 bit Build 22000 (10.0.22000.434)

CPU:total 4 (initial active 4) (2 cores per cpu, 2 threads per core) family 6 model 126 stepping 5, cmov, cx8, fxsr, mmx, sse, sse2, sse3, ssse3, sse4.1, sse4.2, popcnt, avx, avx2, aes, clmul, erms, 3dnowpref, lzcnt, ht, tsc, tscinvbit, bmi1, bmi2, adx

Memory: 4k page, physical 8178816k(653376k free), swap 21498696k(1856k free)

vm_info: Java HotSpot(TM) 64-Bit Server VM (25.251-b08) for windows-amd64 JRE (1.8.0_251-b08), built on Mar 12 2020 06:31:49 by "" with MS VC++ 10.0 (VS2010)

time: Thu Feb 17 12:18:48 2022
timezone: India Standard Time
elapsed time: 1217 seconds (0d 0h 20m 17s)

