#
# There is insufficient memory for the Java Runtime Environment to continue.
# Native memory allocation (malloc) failed to allocate 1048576 bytes for AllocateHeap
# Possible reasons:
#   The system is out of physical RAM or swap space
#   The process is running with CompressedOops enabled, and the Java Heap may be blocking the growth of the native heap
# Possible solutions:
#   Reduce memory load on the system
#   Increase physical memory or swap space
#   Check if swap backing store is full
#   Decrease Java heap size (-Xmx/-Xms)
#   Decrease number of Java threads
#   Decrease Java thread stack sizes (-Xss)
#   Set larger code cache with -XX:ReservedCodeCacheSize=
#   JVM is running with Unscaled Compressed Oops mode in which the Java heap is
#     placed in the first 4GB address space. The Java Heap base address is the
#     maximum limit for the native heap growth. Please use -XX:HeapBaseMinAddress
#     to set the Java Heap base and to place the Java Heap above 4GB virtual address.
# This output file may be truncated or incomplete.
#
#  Out of Memory Error (memory/allocation.inline.hpp:61), pid=88844, tid=0x0000000000015dbc
#
# JRE version:  (8.0_251-b08) (build )
# Java VM: Java HotSpot(TM) 64-Bit Server VM (25.251-b08 mixed mode windows-amd64 compressed oops)
# Failed to write core dump. Minidumps are not enabled by default on client versions of Windows
#

---------------  T H R E A D  ---------------

Current thread (0x0000000002c1e800):  JavaThread "Unknown thread" [_thread_in_vm, id=89532, stack(0x0000000002c60000,0x0000000002d60000)]

Stack: [0x0000000002c60000,0x0000000002d60000]
[error occurred during error reporting (printing stack bounds), id 0xc0000005]

Native frames: (J=compiled Java code, j=interpreted, Vv=VM code, C=native code)


---------------  P R O C E S S  ---------------

Java Threads: ( => current thread )

Other Threads:

=>0x0000000002c1e800 (exited) JavaThread "Unknown thread" [_thread_in_vm, id=89532, stack(0x0000000002c60000,0x0000000002d60000)]

VM state:not at safepoint (normal execution)

VM Mutex/Monitor currently owned by a thread: None

heap address: 0x0000000083200000, size: 1998 MB, Compressed Oops mode: 32-bit
Narrow klass base: 0x0000000000000000, Narrow klass shift: 3
Compressed class space size: 1073741824 Address: 0x0000000100000000

Heap:
 PSYoungGen      total 37888K, used 655K [0x00000000d6600000, 0x00000000d9000000, 0x0000000100000000)
  eden space 32768K, 2% used [0x00000000d6600000,0x00000000d66a3d80,0x00000000d8600000)
  from space 5120K, 0% used [0x00000000d8b00000,0x00000000d8b00000,0x00000000d9000000)
  to   space 5120K, 0% used [0x00000000d8600000,0x00000000d8600000,0x00000000d8b00000)
 ParOldGen       total 86016K, used 0K [0x0000000083200000, 0x0000000088600000, 0x00000000d6600000)
  object space 86016K, 0% used [0x0000000083200000,0x0000000083200000,0x0000000088600000)
 Metaspace       used 776K, capacity 4480K, committed 4480K, reserved 1056768K
  class space    used 76K, capacity 384K, committed 384K, reserved 1048576K

Card table byte_map: [0x0000000012220000,0x0000000012610000] byte_map_base: 0x0000000011e07000

Marking Bits: (ParMarkBitMap*) 0x0000000072b2af90
 Begin Bits: [0x0000000012cb0000, 0x0000000014be8000)
 End Bits:   [0x0000000014be8000, 0x0000000016b20000)

Polling page: 0x0000000001310000

CodeCache: size=245760Kb used=328Kb max_used=328Kb free=245431Kb
 bounds [0x0000000002e60000, 0x00000000030d0000, 0x0000000011e60000]
 total_blobs=58 nmethods=0 adapters=38
 compilation: enabled

Compilation events (0 events):
No events

GC Heap History (0 events):
No events

Deoptimization events (0 events):
No events

Classes redefined (0 events):
No events

Internal exceptions (0 events):
No events

Events (10 events):
Event: 0.044 loading class java/lang/Short
Event: 0.044 loading class java/lang/Short done
Event: 0.044 loading class java/lang/Integer
Event: 0.044 loading class java/lang/Integer done
Event: 0.044 loading class java/lang/Long
Event: 0.044 loading class java/lang/Long done
Event: 0.045 loading class java/lang/NullPointerException
Event: 0.045 loading class java/lang/NullPointerException done
Event: 0.045 loading class java/lang/ArithmeticException
Event: 0.045 loading class java/lang/ArithmeticException done


Dynamic libraries:
0x00007ff67fb90000 - 0x00007ff67fbc7000 	C:\Program Files\Java\jdk1.8.0_251\bin\javaw.exe
0x00007ffbd6940000 - 0x00007ffbd6b47000 	C:\WINDOWS\SYSTEM32\ntdll.dll
0x00007ffbd5680000 - 0x00007ffbd573d000 	C:\WINDOWS\System32\KERNEL32.DLL
0x00007ffbd4460000 - 0x00007ffbd47d4000 	C:\WINDOWS\System32\KERNELBASE.dll
0x00007ffbd54e0000 - 0x00007ffbd558e000 	C:\WINDOWS\System32\ADVAPI32.dll
0x00007ffbd6490000 - 0x00007ffbd6533000 	C:\WINDOWS\System32\msvcrt.dll
0x00007ffbd5ac0000 - 0x00007ffbd5b5e000 	C:\WINDOWS\System32\sechost.dll
0x00007ffbd6630000 - 0x00007ffbd6750000 	C:\WINDOWS\System32\RPCRT4.dll
0x00007ffbd6750000 - 0x00007ffbd68fc000 	C:\WINDOWS\System32\USER32.dll
0x00007ffbd40e0000 - 0x00007ffbd4106000 	C:\WINDOWS\System32\win32u.dll
0x00007ffbd5a90000 - 0x00007ffbd5ab9000 	C:\WINDOWS\System32\GDI32.dll
0x00007ffbd3ed0000 - 0x00007ffbd3fe2000 	C:\WINDOWS\System32\gdi32full.dll
0x00007ffbd3e30000 - 0x00007ffbd3ecd000 	C:\WINDOWS\System32\msvcp_win.dll
0x00007ffbd4110000 - 0x00007ffbd4221000 	C:\WINDOWS\System32\ucrtbase.dll
0x00007ffbc3a50000 - 0x00007ffbc3cf5000 	C:\WINDOWS\WinSxS\amd64_microsoft.windows.common-controls_6595b64144ccf1df_6.0.22000.120_none_9d947278b86cc467\COMCTL32.dll
0x00007ffbd50c0000 - 0x00007ffbd50f1000 	C:\WINDOWS\System32\IMM32.DLL
0x0000000073100000 - 0x00000000731d2000 	C:\Program Files\Java\jdk1.8.0_251\jre\bin\msvcr100.dll
0x0000000072300000 - 0x0000000072bab000 	C:\Program Files\Java\jdk1.8.0_251\jre\bin\server\jvm.dll
0x00007ffbd4f90000 - 0x00007ffbd4f98000 	C:\WINDOWS\System32\PSAPI.DLL
0x00007ffbcaa00000 - 0x00007ffbcaa09000 	C:\WINDOWS\SYSTEM32\WSOCK32.dll
0x00007ffbd5470000 - 0x00007ffbd54df000 	C:\WINDOWS\System32\WS2_32.dll
0x00007ffbcd540000 - 0x00007ffbcd573000 	C:\WINDOWS\SYSTEM32\WINMM.dll
0x00007ffbcd020000 - 0x00007ffbcd02a000 	C:\WINDOWS\SYSTEM32\VERSION.dll
0x00007ffbc6150000 - 0x00007ffbc615f000 	C:\Program Files\Java\jdk1.8.0_251\jre\bin\verify.dll
0x00007ffbbf3c0000 - 0x00007ffbbf3e9000 	C:\Program Files\Java\jdk1.8.0_251\jre\bin\java.dll
0x00007ffbbf3a0000 - 0x00007ffbbf3b6000 	C:\Program Files\Java\jdk1.8.0_251\jre\bin\zip.dll

VM Arguments:
jvm_args: -Dfile.encoding=Cp1252 
java_command: AdminShow
java_class_path (initial): D:\Ecjava\ProjectTwo\bin;D:\ojdbc8-19.3.0.0.jar
Launcher Type: SUN_STANDARD

Environment Variables:
JAVA_HOME=D:\jdk-16.0.1_windows-x64_bin\jdk-16.0.1
PATH=C:/Program Files/Java/jdk1.8.0_251/bin/../jre/bin/server;C:/Program Files/Java/jdk1.8.0_251/bin/../jre/bin;C:/Program Files/Java/jdk1.8.0_251/bin/../jre/lib/amd64;C:\oraclexe\app\oracle\product\11.2.0\server\bin;;C:\Program Files\Java\jdk1.8.0_251\bin;C:\WINDOWS\system32;C:\WINDOWS;C:\WINDOWS\System32\Wbem;C:\WINDOWS\System32\WindowsPowerShell\v1.0\;C:\WINDOWS\System32\OpenSSH\;C:\Program Files (x86)\MATLAB\R2014a\runtime\win32;C:\Program Files (x86)\MATLAB\R2014a\bin;D:\MATLAB 8 ver 2015\mat\runtime\win64;D:\MATLAB 8 ver 2015\mat\bin;C:\Program Files\MATLAB\R2014a\runtime\win64;C:\Program Files\MATLAB\R2014a\bin;C:\Program Files\MATLAB\R2014a\polyspace\bin;D:\MATLAB 8 ver 2015\mat\polyspace\bin;C:\Program Files (x86)\MATLAB\R2014a\polyspace\bin;C:\Python\Python310\Scripts\;C:\Python\Python310\;C:\Users\lenovo\AppData\Local\Microsoft\WindowsApps;C:\Users\lenovo\AppData\Local\Programs\Microsoft VS Code\bin;;C:\Users\lenovo\Desktop;
USERNAME=Abhay Gupta
OS=Windows_NT
PROCESSOR_IDENTIFIER=Intel64 Family 6 Model 126 Stepping 5, GenuineIntel



---------------  S Y S T E M  ---------------

OS: Windows 10.0 , 64 bit Build 22000 (10.0.22000.434)

CPU:total 4 (initial active 4) (2 cores per cpu, 2 threads per core) family 6 model 126 stepping 5, cmov, cx8, fxsr, mmx, sse, sse2, sse3, ssse3, sse4.1, sse4.2, popcnt, avx, avx2, aes, clmul, erms, 3dnowpref, lzcnt, ht, tsc, tscinvbit, bmi1, bmi2, adx

Memory: 4k page, physical 8178816k(395760k free), swap 21498696k(5720k free)

vm_info: Java HotSpot(TM) 64-Bit Server VM (25.251-b08) for windows-amd64 JRE (1.8.0_251-b08), built on Mar 12 2020 06:31:49 by "" with MS VC++ 10.0 (VS2010)

time: Thu Feb 17 12:07:44 2022
timezone: India Standard Time
elapsed time: 0 seconds (0d 0h 0m 0s)

