#
# There is insufficient memory for the Java Runtime Environment to continue.
# Native memory allocation (malloc) failed to allocate 32744 bytes for ChunkPool::allocate
# Possible reasons:
#   The system is out of physical RAM or swap space
#   The process is running with CompressedOops enabled, and the Java Heap may be blocking the growth of the native heap
# Possible solutions:
#   Reduce memory load on the system
#   Increase physical memory or swap space
#   Check if swap backing store is full
#   Decrease Java heap size (-Xmx/-Xms)
#   Decrease number of Java threads
#   Decrease Java thread stack sizes (-Xss)
#   Set larger code cache with -XX:ReservedCodeCacheSize=
#   JVM is running with Unscaled Compressed Oops mode in which the Java heap is
#     placed in the first 4GB address space. The Java Heap base address is the
#     maximum limit for the native heap growth. Please use -XX:HeapBaseMinAddress
#     to set the Java Heap base and to place the Java Heap above 4GB virtual address.
# This output file may be truncated or incomplete.
#
#  Out of Memory Error (allocation.cpp:272), pid=89068, tid=0x000000000001589c
#
# JRE version: Java(TM) SE Runtime Environment (8.0_251-b08) (build 1.8.0_251-b08)
# Java VM: Java HotSpot(TM) 64-Bit Server VM (25.251-b08 mixed mode windows-amd64 compressed oops)
# Failed to write core dump. Minidumps are not enabled by default on client versions of Windows
#

---------------  T H R E A D  ---------------

Current thread (0x0000000017b08800):  JavaThread "C2 CompilerThread1" daemon [_thread_in_vm, id=88220, stack(0x0000000019270000,0x0000000019370000)]

Stack: [0x0000000019270000,0x0000000019370000]
[error occurred during error reporting (printing stack bounds), id 0xc0000005]

Native frames: (J=compiled Java code, j=interpreted, Vv=VM code, C=native code)


Current CompileTask:
C2: 751060 1446       4       java.util.Arrays::binarySearch0 (95 bytes)


---------------  P R O C E S S  ---------------

Java Threads: ( => current thread )
  0x000000001ac87000 JavaThread "TimerQueue" daemon [_thread_blocked, id=91352, stack(0x000000001c630000,0x000000001c730000)]
  0x00000000030ae800 JavaThread "DestroyJavaVM" [_thread_blocked, id=90584, stack(0x0000000002e10000,0x0000000002f10000)]
  0x000000001ac41000 JavaThread "AWT-EventQueue-0" [_thread_blocked, id=70228, stack(0x000000001a460000,0x000000001a560000)]
  0x000000001ac40800 JavaThread "AWT-Shutdown" [_thread_blocked, id=90128, stack(0x0000000019d60000,0x0000000019e60000)]
  0x000000001a9e4000 JavaThread "InterruptTimer" daemon [_thread_blocked, id=88132, stack(0x000000001b8a0000,0x000000001b9a0000)]
  0x000000001a7c2000 JavaThread "oracle.jdbc.driver.BlockSource.ThreadedCachingBlockSource.BlockReleaser" daemon [_thread_blocked, id=81008, stack(0x000000001b460000,0x000000001b560000)]
  0x000000001a6ef800 JavaThread "Timer-0" daemon [_thread_blocked, id=89132, stack(0x000000001b360000,0x000000001b460000)]
  0x000000001983f800 JavaThread "AWT-Windows" daemon [_thread_blocked, id=82320, stack(0x0000000019e60000,0x0000000019f60000)]
  0x000000001983a000 JavaThread "Java2D Disposer" daemon [_thread_blocked, id=86584, stack(0x0000000019c60000,0x0000000019d60000)]
  0x0000000017b5e000 JavaThread "Service Thread" daemon [_thread_blocked, id=81116, stack(0x0000000019870000,0x0000000019970000)]
  0x0000000017b14800 JavaThread "C1 CompilerThread2" daemon [_thread_blocked, id=51156, stack(0x0000000019370000,0x0000000019470000)]
=>0x0000000017b08800 JavaThread "C2 CompilerThread1" daemon [_thread_in_vm, id=88220, stack(0x0000000019270000,0x0000000019370000)]
  0x0000000017afd000 JavaThread "C2 CompilerThread0" daemon [_thread_blocked, id=90276, stack(0x0000000019170000,0x0000000019270000)]
  0x0000000017afb800 JavaThread "Attach Listener" daemon [_thread_blocked, id=90916, stack(0x0000000019070000,0x0000000019170000)]
  0x0000000017afa000 JavaThread "Signal Dispatcher" daemon [_thread_blocked, id=87172, stack(0x0000000018f70000,0x0000000019070000)]
  0x000000000302a800 JavaThread "Finalizer" daemon [_thread_blocked, id=90232, stack(0x0000000018d70000,0x0000000018e70000)]
  0x0000000017aea000 JavaThread "Reference Handler" daemon [_thread_blocked, id=90904, stack(0x0000000018c70000,0x0000000018d70000)]

Other Threads:
  0x0000000017ac8800 VMThread [stack: 0x0000000018b70000,0x0000000018c70000] [id=82132]
  0x00000000194b1800 WatcherThread [stack: 0x0000000019970000,0x0000000019a70000] [id=79564]

VM state:synchronizing (normal execution)

VM Mutex/Monitor currently owned by a thread:  ([mutex/lock_event])
[0x00000000030ad560] Threads_lock - owner thread: 0x0000000017ac8800

heap address: 0x0000000083200000, size: 1998 MB, Compressed Oops mode: 32-bit
Narrow klass base: 0x0000000000000000, Narrow klass shift: 3
Compressed class space size: 1073741824 Address: 0x0000000100000000

Heap:
 PSYoungGen      total 37888K, used 6383K [0x00000000d6600000, 0x00000000db000000, 0x0000000100000000)
  eden space 32768K, 19% used [0x00000000d6600000,0x00000000d6c3bff8,0x00000000d8600000)
  from space 5120K, 0% used [0x00000000d8b00000,0x00000000d8b00000,0x00000000d9000000)
  to   space 5120K, 0% used [0x00000000d8600000,0x00000000d8600000,0x00000000d8b00000)
 ParOldGen       total 61440K, used 5671K [0x0000000083200000, 0x0000000086e00000, 0x00000000d6600000)
  object space 61440K, 9% used [0x0000000083200000,0x0000000083789d78,0x0000000086e00000)
 Metaspace       used 21645K, capacity 21996K, committed 22448K, reserved 1069056K
  class space    used 2667K, capacity 2782K, committed 2816K, reserved 1048576K

Card table byte_map: [0x0000000012470000,0x0000000012860000] byte_map_base: 0x0000000012057000

Marking Bits: (ParMarkBitMap*) 0x0000000072b2af90
 Begin Bits: [0x0000000012f00000, 0x0000000014e38000)
 End Bits:   [0x0000000014e38000, 0x0000000016d70000)

Polling page: 0x0000000001200000

CodeCache: size=245760Kb used=4708Kb max_used=4712Kb free=241051Kb
 bounds [0x00000000030b0000, 0x0000000003550000, 0x00000000120b0000]
 total_blobs=2050 nmethods=1445 adapters=517
 compilation: enabled

Compilation events (10 events):
Event: 749.295 Thread 0x0000000017b14800 nmethod 1440 0x000000000354ac10 code [0x000000000354ada0, 0x000000000354b0f8]
Event: 749.295 Thread 0x0000000017b14800 1442       1       sun.java2d.SurfaceData::isValid (5 bytes)
Event: 749.296 Thread 0x0000000017b14800 nmethod 1442 0x000000000354a950 code [0x000000000354aaa0, 0x000000000354abb0]
Event: 749.296 Thread 0x0000000017b14800 1443  s    1       java.awt.EventDispatchThread::getEventQueue (5 bytes)
Event: 749.296 Thread 0x0000000017b14800 nmethod 1443 0x000000000354a510 code [0x000000000354a660, 0x000000000354a8d0]
Event: 749.637 Thread 0x0000000017b14800 1444       3       java.util.HashSet::iterator (13 bytes)
Event: 749.637 Thread 0x0000000017b14800 nmethod 1444 0x0000000003549fd0 code [0x000000000354a140, 0x000000000354a418]
Event: 749.637 Thread 0x0000000017b14800 1445       1       java.awt.EventDispatchThread$1::evaluate (2 bytes)
Event: 749.638 Thread 0x0000000017b14800 nmethod 1445 0x0000000003549d10 code [0x0000000003549e60, 0x0000000003549f70]
Event: 749.814 Thread 0x0000000017b08800 1446       4       java.util.Arrays::binarySearch0 (95 bytes)

GC Heap History (6 events):
Event: 1.178 GC heap before
{Heap before GC invocations=1 (full 0):
 PSYoungGen      total 37888K, used 32768K [0x00000000d6600000, 0x00000000d9000000, 0x0000000100000000)
  eden space 32768K, 100% used [0x00000000d6600000,0x00000000d8600000,0x00000000d8600000)
  from space 5120K, 0% used [0x00000000d8b00000,0x00000000d8b00000,0x00000000d9000000)
  to   space 5120K, 0% used [0x00000000d8600000,0x00000000d8600000,0x00000000d8b00000)
 ParOldGen       total 86016K, used 0K [0x0000000083200000, 0x0000000088600000, 0x00000000d6600000)
  object space 86016K, 0% used [0x0000000083200000,0x0000000083200000,0x0000000088600000)
 Metaspace       used 18094K, capacity 18444K, committed 18688K, reserved 1064960K
  class space    used 2173K, capacity 2280K, committed 2304K, reserved 1048576K
Event: 1.185 GC heap after
Heap after GC invocations=1 (full 0):
 PSYoungGen      total 37888K, used 5118K [0x00000000d6600000, 0x00000000d9000000, 0x0000000100000000)
  eden space 32768K, 0% used [0x00000000d6600000,0x00000000d6600000,0x00000000d8600000)
  from space 5120K, 99% used [0x00000000d8600000,0x00000000d8affa78,0x00000000d8b00000)
  to   space 5120K, 0% used [0x00000000d8b00000,0x00000000d8b00000,0x00000000d9000000)
 ParOldGen       total 86016K, used 3155K [0x0000000083200000, 0x0000000088600000, 0x00000000d6600000)
  object space 86016K, 3% used [0x0000000083200000,0x0000000083514fa0,0x0000000088600000)
 Metaspace       used 18094K, capacity 18444K, committed 18688K, reserved 1064960K
  class space    used 2173K, capacity 2280K, committed 2304K, reserved 1048576K
}
Event: 1.352 GC heap before
{Heap before GC invocations=2 (full 0):
 PSYoungGen      total 37888K, used 13005K [0x00000000d6600000, 0x00000000d9000000, 0x0000000100000000)
  eden space 32768K, 24% used [0x00000000d6600000,0x00000000d6db3b48,0x00000000d8600000)
  from space 5120K, 99% used [0x00000000d8600000,0x00000000d8affa78,0x00000000d8b00000)
  to   space 5120K, 0% used [0x00000000d8b00000,0x00000000d8b00000,0x00000000d9000000)
 ParOldGen       total 86016K, used 3155K [0x0000000083200000, 0x0000000088600000, 0x00000000d6600000)
  object space 86016K, 3% used [0x0000000083200000,0x0000000083514fa0,0x0000000088600000)
 Metaspace       used 20703K, capacity 21014K, committed 21296K, reserved 1069056K
  class space    used 2530K, capacity 2649K, committed 2688K, reserved 1048576K
Event: 1.358 GC heap after
Heap after GC invocations=2 (full 0):
 PSYoungGen      total 37888K, used 5093K [0x00000000d6600000, 0x00000000db000000, 0x0000000100000000)
  eden space 32768K, 0% used [0x00000000d6600000,0x00000000d6600000,0x00000000d8600000)
  from space 5120K, 99% used [0x00000000d8b00000,0x00000000d8ff94e8,0x00000000d9000000)
  to   space 5120K, 0% used [0x00000000d8600000,0x00000000d8600000,0x00000000d8b00000)
 ParOldGen       total 86016K, used 3857K [0x0000000083200000, 0x0000000088600000, 0x00000000d6600000)
  object space 86016K, 4% used [0x0000000083200000,0x00000000835c4788,0x0000000088600000)
 Metaspace       used 20703K, capacity 21014K, committed 21296K, reserved 1069056K
  class space    used 2530K, capacity 2649K, committed 2688K, reserved 1048576K
}
Event: 1.358 GC heap before
{Heap before GC invocations=3 (full 1):
 PSYoungGen      total 37888K, used 5093K [0x00000000d6600000, 0x00000000db000000, 0x0000000100000000)
  eden space 32768K, 0% used [0x00000000d6600000,0x00000000d6600000,0x00000000d8600000)
  from space 5120K, 99% used [0x00000000d8b00000,0x00000000d8ff94e8,0x00000000d9000000)
  to   space 5120K, 0% used [0x00000000d8600000,0x00000000d8600000,0x00000000d8b00000)
 ParOldGen       total 86016K, used 3857K [0x0000000083200000, 0x0000000088600000, 0x00000000d6600000)
  object space 86016K, 4% used [0x0000000083200000,0x00000000835c4788,0x0000000088600000)
 Metaspace       used 20703K, capacity 21014K, committed 21296K, reserved 1069056K
  class space    used 2530K, capacity 2649K, committed 2688K, reserved 1048576K
Event: 1.392 GC heap after
Heap after GC invocations=3 (full 1):
 PSYoungGen      total 37888K, used 0K [0x00000000d6600000, 0x00000000db000000, 0x0000000100000000)
  eden space 32768K, 0% used [0x00000000d6600000,0x00000000d6600000,0x00000000d8600000)
  from space 5120K, 0% used [0x00000000d8b00000,0x00000000d8b00000,0x00000000d9000000)
  to   space 5120K, 0% used [0x00000000d8600000,0x00000000d8600000,0x00000000d8b00000)
 ParOldGen       total 61440K, used 5671K [0x0000000083200000, 0x0000000086e00000, 0x00000000d6600000)
  object space 61440K, 9% used [0x0000000083200000,0x0000000083789d78,0x0000000086e00000)
 Metaspace       used 20703K, capacity 21014K, committed 21296K, reserved 1069056K
  class space    used 2530K, capacity 2649K, committed 2688K, reserved 1048576K
}

Deoptimization events (10 events):
Event: 0.753 Thread 0x00000000030ae800 Uncommon trap: reason=class_check action=maybe_recompile pc=0x000000000335c720 method=java.util.regex.Pattern$BmpCharProperty.match(Ljava/util/regex/Matcher;ILjava/lang/CharSequence;)Z @ 31
Event: 0.757 Thread 0x00000000030ae800 Uncommon trap: reason=class_check action=maybe_recompile pc=0x00000000033482b0 method=java.util.regex.Pattern$Curly.match(Ljava/util/regex/Matcher;ILjava/lang/CharSequence;)Z @ 19
Event: 0.757 Thread 0x00000000030ae800 Uncommon trap: reason=class_check action=maybe_recompile pc=0x00000000033482b0 method=java.util.regex.Pattern$Curly.match(Ljava/util/regex/Matcher;ILjava/lang/CharSequence;)Z @ 19
Event: 1.019 Thread 0x00000000030ae800 Uncommon trap: reason=class_check action=maybe_recompile pc=0x00000000033ba070 method=java.util.HashMap.putVal(ILjava/lang/Object;Ljava/lang/Object;ZZ)Ljava/lang/Object; @ 203
Event: 1.020 Thread 0x00000000030ae800 Uncommon trap: reason=class_check action=maybe_recompile pc=0x00000000033ba070 method=java.util.HashMap.putVal(ILjava/lang/Object;Ljava/lang/Object;ZZ)Ljava/lang/Object; @ 203
Event: 1.020 Thread 0x00000000030ae800 Uncommon trap: reason=class_check action=maybe_recompile pc=0x00000000033ba070 method=java.util.HashMap.putVal(ILjava/lang/Object;Ljava/lang/Object;ZZ)Ljava/lang/Object; @ 203
Event: 1.022 Thread 0x00000000030ae800 Uncommon trap: reason=class_check action=maybe_recompile pc=0x00000000033ba070 method=java.util.HashMap.putVal(ILjava/lang/Object;Ljava/lang/Object;ZZ)Ljava/lang/Object; @ 203
Event: 1.138 Thread 0x00000000030ae800 Uncommon trap: reason=unstable_if action=reinterpret pc=0x00000000033e875c method=java.lang.Integer.parseInt(Ljava/lang/String;I)I @ 122
Event: 1.393 Thread 0x000000001983f800 Uncommon trap: reason=bimorphic action=maybe_recompile pc=0x0000000003410f50 method=java.util.HashMap.putVal(ILjava/lang/Object;Ljava/lang/Object;ZZ)Ljava/lang/Object; @ 91
Event: 1.393 Thread 0x000000001983f800 Uncommon trap: reason=bimorphic action=maybe_recompile pc=0x0000000003410f50 method=java.util.HashMap.putVal(ILjava/lang/Object;Ljava/lang/Object;ZZ)Ljava/lang/Object; @ 91

Classes redefined (0 events):
No events

Internal exceptions (10 events):
Event: 0.356 Thread 0x00000000030ae800 Exception <a 'java/lang/ArrayIndexOutOfBoundsException'> (0x00000000d6b6d510) thrown at [C:\jenkins\workspace\8-2-build-windows-amd64-cygwin\jdk8u251\737\hotspot\src\share\vm\runtime\sharedRuntime.cpp, line 605]
Event: 0.356 Thread 0x00000000030ae800 Exception <a 'java/lang/ArrayIndexOutOfBoundsException'> (0x00000000d6b6e288) thrown at [C:\jenkins\workspace\8-2-build-windows-amd64-cygwin\jdk8u251\737\hotspot\src\share\vm\runtime\sharedRuntime.cpp, line 605]
Event: 0.356 Thread 0x00000000030ae800 Exception <a 'java/lang/ArrayIndexOutOfBoundsException'> (0x00000000d6b6f240) thrown at [C:\jenkins\workspace\8-2-build-windows-amd64-cygwin\jdk8u251\737\hotspot\src\share\vm\runtime\sharedRuntime.cpp, line 605]
Event: 0.357 Thread 0x00000000030ae800 Exception <a 'java/lang/ArrayIndexOutOfBoundsException'> (0x00000000d6b70aa0) thrown at [C:\jenkins\workspace\8-2-build-windows-amd64-cygwin\jdk8u251\737\hotspot\src\share\vm\runtime\sharedRuntime.cpp, line 605]
Event: 0.364 Thread 0x00000000030ae800 Exception <a 'java/lang/ArrayIndexOutOfBoundsException'> (0x00000000d6b96e58) thrown at [C:\jenkins\workspace\8-2-build-windows-amd64-cygwin\jdk8u251\737\hotspot\src\share\vm\runtime\sharedRuntime.cpp, line 605]
Event: 0.364 Thread 0x00000000030ae800 Exception <a 'java/lang/ArrayIndexOutOfBoundsException'> (0x00000000d6b980c0) thrown at [C:\jenkins\workspace\8-2-build-windows-amd64-cygwin\jdk8u251\737\hotspot\src\share\vm\runtime\sharedRuntime.cpp, line 605]
Event: 0.364 Thread 0x00000000030ae800 Exception <a 'java/lang/ArrayIndexOutOfBoundsException'> (0x00000000d6b999a8) thrown at [C:\jenkins\workspace\8-2-build-windows-amd64-cygwin\jdk8u251\737\hotspot\src\share\vm\runtime\sharedRuntime.cpp, line 605]
Event: 0.372 Thread 0x00000000030ae800 Exception <a 'java/lang/ArrayIndexOutOfBoundsException'> (0x00000000d6bbfc50) thrown at [C:\jenkins\workspace\8-2-build-windows-amd64-cygwin\jdk8u251\737\hotspot\src\share\vm\runtime\sharedRuntime.cpp, line 605]
Event: 0.378 Thread 0x00000000030ae800 Exception <a 'java/lang/ArrayIndexOutOfBoundsException'> (0x00000000d6bd24a0) thrown at [C:\jenkins\workspace\8-2-build-windows-amd64-cygwin\jdk8u251\737\hotspot\src\share\vm\runtime\sharedRuntime.cpp, line 605]
Event: 0.423 Thread 0x00000000030ae800 Exception <a 'java/lang/NoClassDefFoundError': oracle/security/pki/OraclePKIProvider> (0x00000000d6d4bb70) thrown at [C:\jenkins\workspace\8-2-build-windows-amd64-cygwin\jdk8u251\737\hotspot\src\share\vm\classfile\systemDictionary.cpp, line 199]

Events (10 events):
Event: 9.328 loading class java/util/PriorityQueue done
Event: 9.328 loading class javax/swing/TimerQueue$1
Event: 9.329 loading class javax/swing/TimerQueue$1 done
Event: 9.329 Thread 0x000000001ac87000 Thread added: 0x000000001ac87000
Event: 748.491 loading class java/util/WeakHashMap$KeyIterator
Event: 748.517 loading class java/util/WeakHashMap$HashIterator
Event: 748.577 loading class java/util/WeakHashMap$HashIterator done
Event: 748.577 loading class java/util/WeakHashMap$KeyIterator done
Event: 748.579 loading class javax/swing/RepaintManager$DisplayChangedRunnable
Event: 748.850 loading class javax/swing/RepaintManager$DisplayChangedRunnable done


Dynamic libraries:
0x00007ff67fb90000 - 0x00007ff67fbc7000 	C:\Program Files\Java\jdk1.8.0_251\bin\javaw.exe
0x00007ffbd6940000 - 0x00007ffbd6b47000 	C:\WINDOWS\SYSTEM32\ntdll.dll
0x00007ffbd5680000 - 0x00007ffbd573d000 	C:\WINDOWS\System32\KERNEL32.DLL
0x00007ffbd4460000 - 0x00007ffbd47d4000 	C:\WINDOWS\System32\KERNELBASE.dll
0x00007ffbd54e0000 - 0x00007ffbd558e000 	C:\WINDOWS\System32\ADVAPI32.dll
0x00007ffbd6490000 - 0x00007ffbd6533000 	C:\WINDOWS\System32\msvcrt.dll
0x00007ffbd5ac0000 - 0x00007ffbd5b5e000 	C:\WINDOWS\System32\sechost.dll
0x00007ffbd6630000 - 0x00007ffbd6750000 	C:\WINDOWS\System32\RPCRT4.dll
0x00007ffbd6750000 - 0x00007ffbd68fc000 	C:\WINDOWS\System32\USER32.dll
0x00007ffbd40e0000 - 0x00007ffbd4106000 	C:\WINDOWS\System32\win32u.dll
0x00007ffbd5a90000 - 0x00007ffbd5ab9000 	C:\WINDOWS\System32\GDI32.dll
0x00007ffbd3ed0000 - 0x00007ffbd3fe2000 	C:\WINDOWS\System32\gdi32full.dll
0x00007ffbd3e30000 - 0x00007ffbd3ecd000 	C:\WINDOWS\System32\msvcp_win.dll
0x00007ffbd4110000 - 0x00007ffbd4221000 	C:\WINDOWS\System32\ucrtbase.dll
0x00007ffbc3a50000 - 0x00007ffbc3cf5000 	C:\WINDOWS\WinSxS\amd64_microsoft.windows.common-controls_6595b64144ccf1df_6.0.22000.120_none_9d947278b86cc467\COMCTL32.dll
0x00007ffbd50c0000 - 0x00007ffbd50f1000 	C:\WINDOWS\System32\IMM32.DLL
0x0000000073100000 - 0x00000000731d2000 	C:\Program Files\Java\jdk1.8.0_251\jre\bin\msvcr100.dll
0x0000000072300000 - 0x0000000072bab000 	C:\Program Files\Java\jdk1.8.0_251\jre\bin\server\jvm.dll
0x00007ffbd4f90000 - 0x00007ffbd4f98000 	C:\WINDOWS\System32\PSAPI.DLL
0x00007ffbcd540000 - 0x00007ffbcd573000 	C:\WINDOWS\SYSTEM32\WINMM.dll
0x00007ffbcaa00000 - 0x00007ffbcaa09000 	C:\WINDOWS\SYSTEM32\WSOCK32.dll
0x00007ffbd5470000 - 0x00007ffbd54df000 	C:\WINDOWS\System32\WS2_32.dll
0x00007ffbcd020000 - 0x00007ffbcd02a000 	C:\WINDOWS\SYSTEM32\VERSION.dll
0x00007ffbc6150000 - 0x00007ffbc615f000 	C:\Program Files\Java\jdk1.8.0_251\jre\bin\verify.dll
0x00007ffbbf3c0000 - 0x00007ffbbf3e9000 	C:\Program Files\Java\jdk1.8.0_251\jre\bin\java.dll
0x00007ffbbf3a0000 - 0x00007ffbbf3b6000 	C:\Program Files\Java\jdk1.8.0_251\jre\bin\zip.dll
0x00007ffbd47e0000 - 0x00007ffbd4f8e000 	C:\WINDOWS\System32\SHELL32.dll
0x00007ffbd2060000 - 0x00007ffbd28c7000 	C:\WINDOWS\SYSTEM32\windows.storage.dll
0x00007ffbd60b0000 - 0x00007ffbd6428000 	C:\WINDOWS\System32\combase.dll
0x00007ffbd1ef0000 - 0x00007ffbd2056000 	C:\WINDOWS\SYSTEM32\wintypes.dll
0x00007ffbd57c0000 - 0x00007ffbd58aa000 	C:\WINDOWS\System32\SHCORE.dll
0x00007ffbd5190000 - 0x00007ffbd51ed000 	C:\WINDOWS\System32\shlwapi.dll
0x00007ffbd3d60000 - 0x00007ffbd3d81000 	C:\WINDOWS\SYSTEM32\profapi.dll
0x00007ffb9fe60000 - 0x00007ffb9fffa000 	C:\Program Files\Java\jdk1.8.0_251\jre\bin\awt.dll
0x00007ffbd51f0000 - 0x00007ffbd52c6000 	C:\WINDOWS\System32\OLEAUT32.dll
0x00007ffbd0b90000 - 0x00007ffbd0c21000 	C:\WINDOWS\SYSTEM32\apphelp.dll
0x00007ffbd1640000 - 0x00007ffbd166f000 	C:\WINDOWS\system32\DWMAPI.DLL
0x00007ffbd0de0000 - 0x00007ffbd0e8c000 	C:\WINDOWS\system32\uxtheme.dll
0x00007ffbb56d0000 - 0x00007ffbb57d1000 	C:\WINDOWS\system32\opengl32.dll
0x00007ffbcad40000 - 0x00007ffbcad6d000 	C:\WINDOWS\SYSTEM32\GLU32.dll
0x00007ffbd11b0000 - 0x00007ffbd11e8000 	C:\WINDOWS\SYSTEM32\dxcore.dll
0x00007ffbd4fa0000 - 0x00007ffbd50be000 	C:\WINDOWS\System32\MSCTF.dll
0x00007ffbd52d0000 - 0x00007ffbd546a000 	C:\WINDOWS\System32\ole32.dll
0x00007ffbd2f30000 - 0x00007ffbd2f48000 	C:\WINDOWS\SYSTEM32\kernel.appcore.dll
0x00007ffbd3ff0000 - 0x00007ffbd406f000 	C:\WINDOWS\System32\bcryptPrimitives.dll
0x00007ffbd0010000 - 0x00007ffbd001d000 	C:\Program Files\Java\jdk1.8.0_251\jre\bin\management.dll
0x00007ffbb7c40000 - 0x00007ffbb7c5a000 	C:\Program Files\Java\jdk1.8.0_251\jre\bin\net.dll
0x00007ffbd3360000 - 0x00007ffbd33c7000 	C:\WINDOWS\system32\mswsock.dll
0x00007ffbb7820000 - 0x00007ffbb7832000 	C:\Program Files\Java\jdk1.8.0_251\jre\bin\nio.dll
0x00007ffbd2a20000 - 0x00007ffbd2a4d000 	C:\WINDOWS\SYSTEM32\IPHLPAPI.DLL
0x00007ffbd57b0000 - 0x00007ffbd57b9000 	C:\WINDOWS\System32\NSI.dll
0x00007ffbcda10000 - 0x00007ffbcda29000 	C:\WINDOWS\SYSTEM32\dhcpcsvc6.DLL
0x00007ffbce920000 - 0x00007ffbce93e000 	C:\WINDOWS\SYSTEM32\dhcpcsvc.DLL
0x00007ffbd2a50000 - 0x00007ffbd2b37000 	C:\WINDOWS\SYSTEM32\DNSAPI.dll
0x00007ffbcaa50000 - 0x00007ffbcaa5a000 	C:\Windows\System32\rasadhlp.dll
0x00007ffbcbe50000 - 0x00007ffbcbed1000 	C:\WINDOWS\System32\fwpuclnt.dll
0x00007ffbc9290000 - 0x00007ffbc92a7000 	C:\WINDOWS\system32\napinsp.dll
0x00007ffbc5b70000 - 0x00007ffbc5b8b000 	C:\WINDOWS\system32\pnrpnsp.dll
0x00007ffbc5860000 - 0x00007ffbc5872000 	C:\WINDOWS\System32\winrnr.dll
0x00007ffbcc970000 - 0x00007ffbcc985000 	C:\WINDOWS\system32\wshbth.dll
0x00007ffbbb520000 - 0x00007ffbbb53f000 	C:\WINDOWS\system32\nlansp_c.dll
0x00007ffbd35b0000 - 0x00007ffbd35c8000 	C:\WINDOWS\SYSTEM32\CRYPTSP.dll
0x00007ffbd2e90000 - 0x00007ffbd2ec5000 	C:\WINDOWS\system32\rsaenh.dll
0x00007ffbd3450000 - 0x00007ffbd3479000 	C:\WINDOWS\SYSTEM32\USERENV.dll
0x00007ffbd3720000 - 0x00007ffbd3747000 	C:\WINDOWS\SYSTEM32\bcrypt.dll
0x00007ffbd35a0000 - 0x00007ffbd35ac000 	C:\WINDOWS\SYSTEM32\CRYPTBASE.dll
0x00007ffbb7e20000 - 0x00007ffbb7e44000 	C:\Program Files\Java\jdk1.8.0_251\jre\bin\sunec.dll
0x00007ffbb2b40000 - 0x00007ffbb2b89000 	C:\Program Files\Java\jdk1.8.0_251\jre\bin\fontmanager.dll
0x00007ffbae830000 - 0x00007ffbae872000 	C:\Program Files\Java\jdk1.8.0_251\jre\bin\t2k.dll
0x00007ffbd5b60000 - 0x00007ffbd5c0f000 	C:\WINDOWS\System32\clbcatq.dll
0x00007ffbb4340000 - 0x00007ffbb44ee000 	C:\WINDOWS\SYSTEM32\WindowsCodecs.dll
0x00007ffbb7700000 - 0x00007ffbb775d000 	C:\WINDOWS\system32\dataexchange.dll
0x00007ffbc0ed0000 - 0x00007ffbc1136000 	C:\WINDOWS\system32\twinapi.appcore.dll
0x00007ffbc6550000 - 0x00007ffbc667d000 	C:\WINDOWS\SYSTEM32\textinputframework.dll

VM Arguments:
jvm_args: -Dfile.encoding=Cp1252 
java_command: AdminShow
java_class_path (initial): D:\Ecjava\ProjectTwo\bin;D:\ojdbc8-19.3.0.0.jar
Launcher Type: SUN_STANDARD

Environment Variables:
JAVA_HOME=D:\jdk-16.0.1_windows-x64_bin\jdk-16.0.1
PATH=C:/Program Files/Java/jdk1.8.0_251/bin/../jre/bin/server;C:/Program Files/Java/jdk1.8.0_251/bin/../jre/bin;C:/Program Files/Java/jdk1.8.0_251/bin/../jre/lib/amd64;C:\oraclexe\app\oracle\product\11.2.0\server\bin;;C:\Program Files\Java\jdk1.8.0_251\bin;C:\WINDOWS\system32;C:\WINDOWS;C:\WINDOWS\System32\Wbem;C:\WINDOWS\System32\WindowsPowerShell\v1.0\;C:\WINDOWS\System32\OpenSSH\;C:\Program Files (x86)\MATLAB\R2014a\runtime\win32;C:\Program Files (x86)\MATLAB\R2014a\bin;D:\MATLAB 8 ver 2015\mat\runtime\win64;D:\MATLAB 8 ver 2015\mat\bin;C:\Program Files\MATLAB\R2014a\runtime\win64;C:\Program Files\MATLAB\R2014a\bin;C:\Program Files\MATLAB\R2014a\polyspace\bin;D:\MATLAB 8 ver 2015\mat\polyspace\bin;C:\Program Files (x86)\MATLAB\R2014a\polyspace\bin;C:\Python\Python310\Scripts\;C:\Python\Python310\;C:\Users\lenovo\AppData\Local\Microsoft\WindowsApps;C:\Users\lenovo\AppData\Local\Programs\Microsoft VS Code\bin;;C:\Users\lenovo\Desktop;
USERNAME=Abhay Gupta
OS=Windows_NT
PROCESSOR_IDENTIFIER=Intel64 Family 6 Model 126 Stepping 5, GenuineIntel



---------------  S Y S T E M  ---------------

OS: Windows 10.0 , 64 bit Build 22000 (10.0.22000.434)

CPU:total 4 (initial active 4) (2 cores per cpu, 2 threads per core) family 6 model 126 stepping 5, cmov, cx8, fxsr, mmx, sse, sse2, sse3, ssse3, sse4.1, sse4.2, popcnt, avx, avx2, aes, clmul, erms, 3dnowpref, lzcnt, ht, tsc, tscinvbit, bmi1, bmi2, adx

Memory: 4k page, physical 8178816k(713804k free), swap 21498696k(1244k free)

vm_info: Java HotSpot(TM) 64-Bit Server VM (25.251-b08) for windows-amd64 JRE (1.8.0_251-b08), built on Mar 12 2020 06:31:49 by "" with MS VC++ 10.0 (VS2010)

time: Thu Feb 17 12:18:45 2022
timezone: India Standard Time
elapsed time: 751 seconds (0d 0h 12m 31s)

